# JRE version: OpenJDK Runtime Environment Temurin-17.0.15+6 (17.0.15+6) (build 17.0.15+6)
# Java VM: OpenJDK 64-Bit Server VM Temurin-17.0.15+6 (17.0.15+6, mixed mode, sharing, tiered, compressed oops, compressed class ptrs, g1 gc, windows-amd64)
GC Precious Log:
 CPUs: 8 total, 8 available
 Memory: 8070M
 Large Page Support: Disabled
 NUMA Support: Disabled
 Compressed Oops: Enabled (32-bit)
 Heap Region Size: 1M
 Heap Min Capacity: 8M
 Heap Initial Capacity: 128M
 Heap Max Capacity: 2018M
 Pre-touch: Disabled
 Parallel Workers: 8
 Concurrent Workers: 2
 Concurrent Refinement Workers: 8
 Periodic GC: Disabled
Heap:
 garbage-first heap   total 58368K, used 31097K [0x0000000081e00000, 0x0000000100000000)
  region size 1024K, 8 young (8192K), 3 survivors (3072K)
 Metaspace       used 36713K, committed 36928K, reserved 1114112K
  class space    used 4345K, committed 4480K, reserved 1048576K
GC Heap History (16 events):
Event: 5.497 GC heap before
{Heap before GC invocations=0 (full 0):
 garbage-first heap   total 131072K, used 26624K [0x0000000081e00000, 0x0000000100000000)
  region size 1024K, 23 young (23552K), 0 survivors (0K)
 Metaspace       used 7031K, committed 7168K, reserved 1114112K
  class space    used 654K, committed 704K, reserved 1048576K
}
Event: 5.535 GC heap after
{Heap after GC invocations=1 (full 0):
 garbage-first heap   total 131072K, used 5973K [0x0000000081e00000, 0x0000000100000000)
  region size 1024K, 3 young (3072K), 3 survivors (3072K)
 Metaspace       used 7031K, committed 7168K, reserved 1114112K
  class space    used 654K, committed 704K, reserved 1048576K
}
Event: 10.297 GC heap before
{Heap before GC invocations=1 (full 0):
 garbage-first heap   total 131072K, used 37717K [0x0000000081e00000, 0x0000000100000000)
  region size 1024K, 34 young (34816K), 3 survivors (3072K)
 Metaspace       used 13746K, committed 13952K, reserved 1114112K
  class space    used 1479K, committed 1600K, reserved 1048576K
}
Event: 10.316 GC heap after
{Heap after GC invocations=2 (full 0):
 garbage-first heap   total 131072K, used 11298K [0x0000000081e00000, 0x0000000100000000)
  region size 1024K, 5 young (5120K), 5 survivors (5120K)
 Metaspace       used 13746K, committed 13952K, reserved 1114112K
  class space    used 1479K, committed 1600K, reserved 1048576K
}
Event: 15.710 GC heap before
{Heap before GC invocations=2 (full 0):
 garbage-first heap   total 131072K, used 39970K [0x0000000081e00000, 0x0000000100000000)
  region size 1024K, 34 young (34816K), 5 survivors (5120K)
 Metaspace       used 21357K, committed 21504K, reserved 1114112K
  class space    used 2806K, committed 2880K, reserved 1048576K
}
Event: 15.727 GC heap after
{Heap after GC invocations=3 (full 0):
 garbage-first heap   total 131072K, used 14213K [0x0000000081e00000, 0x0000000100000000)
  region size 1024K, 8 young (8192K), 8 survivors (8192K)
 Metaspace       used 21357K, committed 21504K, reserved 1114112K
  class space    used 2806K, committed 2880K, reserved 1048576K
}
Event: 22.522 GC heap before
{Heap before GC invocations=4 (full 0):
 garbage-first heap   total 58368K, used 40837K [0x0000000081e00000, 0x0000000100000000)
  region size 1024K, 34 young (34816K), 8 survivors (8192K)
 Metaspace       used 26032K, committed 26240K, reserved 1114112K
  class space    used 3313K, committed 3392K, reserved 1048576K
}
Event: 22.552 GC heap after
{Heap after GC invocations=5 (full 0):
 garbage-first heap   total 58368K, used 16405K [0x0000000081e00000, 0x0000000100000000)
  region size 1024K, 5 young (5120K), 5 survivors (5120K)
 Metaspace       used 26032K, committed 26240K, reserved 1114112K
  class space    used 3313K, committed 3392K, reserved 1048576K
}
Event: 22.784 GC heap before
{Heap before GC invocations=5 (full 0):
 garbage-first heap   total 58368K, used 17429K [0x0000000081e00000, 0x0000000100000000)
  region size 1024K, 6 young (6144K), 5 survivors (5120K)
 Metaspace       used 26368K, committed 26496K, reserved 1114112K
  class space    used 3345K, committed 3392K, reserved 1048576K
}
Event: 22.800 GC heap after
{Heap after GC invocations=6 (full 0):
 garbage-first heap   total 58368K, used 17408K [0x0000000081e00000, 0x0000000100000000)
  region size 1024K, 1 young (1024K), 1 survivors (1024K)
 Metaspace       used 26368K, committed 26496K, reserved 1114112K
  class space    used 3345K, committed 3392K, reserved 1048576K
}
Event: 40.632 GC heap before
{Heap before GC invocations=6 (full 0):
 garbage-first heap   total 58368K, used 40960K [0x0000000081e00000, 0x0000000100000000)
  region size 1024K, 25 young (25600K), 1 survivors (1024K)
 Metaspace       used 31006K, committed 31232K, reserved 1114112K
  class space    used 3749K, committed 3840K, reserved 1048576K
}
Event: 40.654 GC heap after
{Heap after GC invocations=7 (full 0):
 garbage-first heap   total 58368K, used 20002K [0x0000000081e00000, 0x0000000100000000)
  region size 1024K, 4 young (4096K), 4 survivors (4096K)
 Metaspace       used 31006K, committed 31232K, reserved 1114112K
  class space    used 3749K, committed 3840K, reserved 1048576K
}
Event: 43.056 GC heap before
{Heap before GC invocations=7 (full 0):
 garbage-first heap   total 58368K, used 40482K [0x0000000081e00000, 0x0000000100000000)
  region size 1024K, 25 young (25600K), 4 survivors (4096K)
 Metaspace       used 33174K, committed 33408K, reserved 1114112K
  class space    used 3936K, committed 4032K, reserved 1048576K
}
Event: 43.087 GC heap after
{Heap after GC invocations=8 (full 0):
 garbage-first heap   total 58368K, used 24247K [0x0000000081e00000, 0x0000000100000000)
  region size 1024K, 4 young (4096K), 4 survivors (4096K)
 Metaspace       used 33174K, committed 33408K, reserved 1114112K
  class space    used 3936K, committed 4032K, reserved 1048576K
}
Event: 44.448 GC heap before
{Heap before GC invocations=8 (full 0):
 garbage-first heap   total 58368K, used 41655K [0x0000000081e00000, 0x0000000100000000)
  region size 1024K, 22 young (22528K), 4 survivors (4096K)
 Metaspace       used 36147K, committed 36416K, reserved 1114112K
  class space    used 4263K, committed 4416K, reserved 1048576K
}
Event: 44.471 GC heap after
{Heap after GC invocations=9 (full 0):
 garbage-first heap   total 58368K, used 27001K [0x0000000081e00000, 0x0000000100000000)
  region size 1024K, 3 young (3072K), 3 survivors (3072K)
 Metaspace       used 36147K, committed 36416K, reserved 1114112K
  class space    used 4263K, committed 4416K, reserved 1048576K
}

