# JRE version: OpenJDK Runtime Environment Temurin-17.0.15+6 (17.0.15+6) (build 17.0.15+6)
# Java VM: OpenJDK 64-Bit Server VM Temurin-17.0.15+6 (17.0.15+6, mixed mode, sharing, tiered, compressed oops, compressed class ptrs, g1 gc, windows-amd64)
GC Precious Log:
 CPUs: 8 total, 8 available
 Memory: 8070M
 Large Page Support: Disabled
 NUMA Support: Disabled
 Compressed Oops: Enabled (32-bit)
 Heap Region Size: 1M
 Heap Min Capacity: 8M
 Heap Initial Capacity: 128M
 Heap Max Capacity: 2018M
 Pre-touch: Disabled
 Parallel Workers: 8
 Concurrent Workers: 2
 Concurrent Refinement Workers: 8
 Periodic GC: Disabled
Heap:
 garbage-first heap   total 51200K, used 37622K [0x0000000081e00000, 0x0000000100000000)
  region size 1024K, 17 young (17408K), 2 survivors (2048K)
 Metaspace       used 40626K, committed 40896K, reserved 1114112K
  class space    used 4845K, committed 4992K, reserved 1048576K
GC Heap History (14 events):
Event: 4.838 GC heap before
{Heap before GC invocations=0 (full 0):
 garbage-first heap   total 131072K, used 26624K [0x0000000081e00000, 0x0000000100000000)
  region size 1024K, 23 young (23552K), 0 survivors (0K)
 Metaspace       used 7028K, committed 7168K, reserved 1114112K
  class space    used 654K, committed 704K, reserved 1048576K
}
Event: 4.878 GC heap after
{Heap after GC invocations=1 (full 0):
 garbage-first heap   total 131072K, used 5973K [0x0000000081e00000, 0x0000000100000000)
  region size 1024K, 3 young (3072K), 3 survivors (3072K)
 Metaspace       used 7028K, committed 7168K, reserved 1114112K
  class space    used 654K, committed 704K, reserved 1048576K
}
Event: 9.539 GC heap before
{Heap before GC invocations=1 (full 0):
 garbage-first heap   total 131072K, used 37717K [0x0000000081e00000, 0x0000000100000000)
  region size 1024K, 34 young (34816K), 3 survivors (3072K)
 Metaspace       used 13744K, committed 13952K, reserved 1114112K
  class space    used 1479K, committed 1600K, reserved 1048576K
}
Event: 9.557 GC heap after
{Heap after GC invocations=2 (full 0):
 garbage-first heap   total 131072K, used 11252K [0x0000000081e00000, 0x0000000100000000)
  region size 1024K, 5 young (5120K), 5 survivors (5120K)
 Metaspace       used 13744K, committed 13952K, reserved 1114112K
  class space    used 1479K, committed 1600K, reserved 1048576K
}
Event: 14.142 GC heap before
{Heap before GC invocations=2 (full 0):
 garbage-first heap   total 131072K, used 39924K [0x0000000081e00000, 0x0000000100000000)
  region size 1024K, 34 young (34816K), 5 survivors (5120K)
 Metaspace       used 21362K, committed 21504K, reserved 1114112K
  class space    used 2806K, committed 2880K, reserved 1048576K
}
Event: 14.158 GC heap after
{Heap after GC invocations=3 (full 0):
 garbage-first heap   total 131072K, used 14164K [0x0000000081e00000, 0x0000000100000000)
  region size 1024K, 8 young (8192K), 8 survivors (8192K)
 Metaspace       used 21362K, committed 21504K, reserved 1114112K
  class space    used 2806K, committed 2880K, reserved 1048576K
}
Event: 22.881 GC heap before
{Heap before GC invocations=4 (full 0):
 garbage-first heap   total 51200K, used 38740K [0x0000000081e00000, 0x0000000100000000)
  region size 1024K, 33 young (33792K), 8 survivors (8192K)
 Metaspace       used 25715K, committed 25984K, reserved 1114112K
  class space    used 3269K, committed 3392K, reserved 1048576K
}
Event: 22.913 GC heap after
{Heap after GC invocations=5 (full 0):
 garbage-first heap   total 51200K, used 16313K [0x0000000081e00000, 0x0000000100000000)
  region size 1024K, 5 young (5120K), 5 survivors (5120K)
 Metaspace       used 25715K, committed 25984K, reserved 1114112K
  class space    used 3269K, committed 3392K, reserved 1048576K
}
Event: 35.464 GC heap before
{Heap before GC invocations=5 (full 0):
 garbage-first heap   total 51200K, used 36793K [0x0000000081e00000, 0x0000000100000000)
  region size 1024K, 26 young (26624K), 5 survivors (5120K)
 Metaspace       used 30710K, committed 30912K, reserved 1114112K
  class space    used 3731K, committed 3840K, reserved 1048576K
}
Event: 35.487 GC heap after
{Heap after GC invocations=6 (full 0):
 garbage-first heap   total 51200K, used 19194K [0x0000000081e00000, 0x0000000100000000)
  region size 1024K, 3 young (3072K), 3 survivors (3072K)
 Metaspace       used 30710K, committed 30912K, reserved 1114112K
  class space    used 3731K, committed 3840K, reserved 1048576K
}
Event: 41.874 GC heap before
{Heap before GC invocations=6 (full 0):
 garbage-first heap   total 51200K, used 37626K [0x0000000081e00000, 0x0000000100000000)
  region size 1024K, 22 young (22528K), 3 survivors (3072K)
 Metaspace       used 33674K, committed 33920K, reserved 1114112K
  class space    used 4018K, committed 4096K, reserved 1048576K
}
Event: 41.902 GC heap after
{Heap after GC invocations=7 (full 0):
 garbage-first heap   total 51200K, used 22322K [0x0000000081e00000, 0x0000000100000000)
  region size 1024K, 3 young (3072K), 3 survivors (3072K)
 Metaspace       used 33674K, committed 33920K, reserved 1114112K
  class space    used 4018K, committed 4096K, reserved 1048576K
}
Event: 43.022 GC heap before
{Heap before GC invocations=7 (full 0):
 garbage-first heap   total 51200K, used 36658K [0x0000000081e00000, 0x0000000100000000)
  region size 1024K, 18 young (18432K), 3 survivors (3072K)
 Metaspace       used 36125K, committed 36416K, reserved 1114112K
  class space    used 4259K, committed 4416K, reserved 1048576K
}
Event: 43.047 GC heap after
{Heap after GC invocations=8 (full 0):
 garbage-first heap   total 51200K, used 24310K [0x0000000081e00000, 0x0000000100000000)
  region size 1024K, 2 young (2048K), 2 survivors (2048K)
 Metaspace       used 36125K, committed 36416K, reserved 1114112K
  class space    used 4259K, committed 4416K, reserved 1048576K
}

