# JRE version: OpenJDK Runtime Environment Temurin-17.0.15+6 (17.0.15+6) (build 17.0.15+6)
# Java VM: OpenJDK 64-Bit Server VM Temurin-17.0.15+6 (17.0.15+6, mixed mode, sharing, tiered, compressed oops, compressed class ptrs, g1 gc, windows-amd64)
GC Precious Log:
 CPUs: 8 total, 8 available
 Memory: 8070M
 Large Page Support: Disabled
 NUMA Support: Disabled
 Compressed Oops: Enabled (32-bit)
 Heap Region Size: 1M
 Heap Min Capacity: 8M
 Heap Initial Capacity: 128M
 Heap Max Capacity: 2018M
 Pre-touch: Disabled
 Parallel Workers: 8
 Concurrent Workers: 2
 Concurrent Refinement Workers: 8
 Periodic GC: Disabled
Heap:
 garbage-first heap   total 116736K, used 71142K [0x0000000081e00000, 0x0000000100000000)
  region size 1024K, 5 young (5120K), 3 survivors (3072K)
 Metaspace       used 65835K, committed 66176K, reserved 1114112K
  class space    used 7586K, committed 7744K, reserved 1048576K
GC Heap History (20 events):
Event: 33.849 GC heap before
{Heap before GC invocations=17 (full 0):
 garbage-first heap   total 75776K, used 58368K [0x0000000081e00000, 0x0000000100000000)
  region size 1024K, 20 young (20480K), 3 survivors (3072K)
 Metaspace       used 50204K, committed 50560K, reserved 1114112K
  class space    used 6048K, committed 6208K, reserved 1048576K
}
Event: 33.873 GC heap after
{Heap after GC invocations=18 (full 0):
 garbage-first heap   total 75776K, used 43959K [0x0000000081e00000, 0x0000000100000000)
  region size 1024K, 3 young (3072K), 3 survivors (3072K)
 Metaspace       used 50204K, committed 50560K, reserved 1114112K
  class space    used 6048K, committed 6208K, reserved 1048576K
}
Event: 36.044 GC heap before
{Heap before GC invocations=19 (full 0):
 garbage-first heap   total 76800K, used 59319K [0x0000000081e00000, 0x0000000100000000)
  region size 1024K, 18 young (18432K), 3 survivors (3072K)
 Metaspace       used 50434K, committed 50752K, reserved 1114112K
  class space    used 6051K, committed 6208K, reserved 1048576K
}
Event: 36.064 GC heap after
{Heap after GC invocations=20 (full 0):
 garbage-first heap   total 76800K, used 47550K [0x0000000081e00000, 0x0000000100000000)
  region size 1024K, 3 young (3072K), 3 survivors (3072K)
 Metaspace       used 50434K, committed 50752K, reserved 1114112K
  class space    used 6051K, committed 6208K, reserved 1048576K
}
Event: 37.465 GC heap before
{Heap before GC invocations=20 (full 0):
 garbage-first heap   total 76800K, used 59838K [0x0000000081e00000, 0x0000000100000000)
  region size 1024K, 15 young (15360K), 3 survivors (3072K)
 Metaspace       used 50507K, committed 50816K, reserved 1114112K
  class space    used 6053K, committed 6208K, reserved 1048576K
}
Event: 37.483 GC heap after
{Heap after GC invocations=21 (full 0):
 garbage-first heap   total 98304K, used 50082K [0x0000000081e00000, 0x0000000100000000)
  region size 1024K, 2 young (2048K), 2 survivors (2048K)
 Metaspace       used 50507K, committed 50816K, reserved 1114112K
  class space    used 6053K, committed 6208K, reserved 1048576K
}
Event: 41.767 GC heap before
{Heap before GC invocations=22 (full 0):
 garbage-first heap   total 98304K, used 73634K [0x0000000081e00000, 0x0000000100000000)
  region size 1024K, 26 young (26624K), 2 survivors (2048K)
 Metaspace       used 54307K, committed 54592K, reserved 1114112K
  class space    used 6382K, committed 6528K, reserved 1048576K
}
Event: 41.786 GC heap after
{Heap after GC invocations=23 (full 0):
 garbage-first heap   total 98304K, used 52874K [0x0000000081e00000, 0x0000000100000000)
  region size 1024K, 4 young (4096K), 4 survivors (4096K)
 Metaspace       used 54307K, committed 54592K, reserved 1114112K
  class space    used 6382K, committed 6528K, reserved 1048576K
}
Event: 43.653 GC heap before
{Heap before GC invocations=23 (full 0):
 garbage-first heap   total 98304K, used 75402K [0x0000000081e00000, 0x0000000100000000)
  region size 1024K, 27 young (27648K), 4 survivors (4096K)
 Metaspace       used 56761K, committed 57088K, reserved 1114112K
  class space    used 6588K, committed 6720K, reserved 1048576K
}
Event: 43.699 GC heap after
{Heap after GC invocations=24 (full 0):
 garbage-first heap   total 98304K, used 57698K [0x0000000081e00000, 0x0000000100000000)
  region size 1024K, 4 young (4096K), 4 survivors (4096K)
 Metaspace       used 56761K, committed 57088K, reserved 1114112K
  class space    used 6588K, committed 6720K, reserved 1048576K
}
Event: 44.927 GC heap before
{Heap before GC invocations=25 (full 0):
 garbage-first heap   total 101376K, used 77154K [0x0000000081e00000, 0x0000000100000000)
  region size 1024K, 23 young (23552K), 4 survivors (4096K)
 Metaspace       used 56890K, committed 57216K, reserved 1114112K
  class space    used 6594K, committed 6720K, reserved 1048576K
}
Event: 44.963 GC heap after
{Heap after GC invocations=26 (full 0):
 garbage-first heap   total 101376K, used 62200K [0x0000000081e00000, 0x0000000100000000)
  region size 1024K, 3 young (3072K), 3 survivors (3072K)
 Metaspace       used 56890K, committed 57216K, reserved 1114112K
  class space    used 6594K, committed 6720K, reserved 1048576K
}
Event: 46.357 GC heap before
{Heap before GC invocations=26 (full 0):
 garbage-first heap   total 101376K, used 79608K [0x0000000081e00000, 0x0000000100000000)
  region size 1024K, 21 young (21504K), 3 survivors (3072K)
 Metaspace       used 57791K, committed 58112K, reserved 1114112K
  class space    used 6656K, committed 6784K, reserved 1048576K
}
Event: 46.391 GC heap after
{Heap after GC invocations=27 (full 0):
 garbage-first heap   total 101376K, used 66463K [0x0000000081e00000, 0x0000000100000000)
  region size 1024K, 3 young (3072K), 3 survivors (3072K)
 Metaspace       used 57791K, committed 58112K, reserved 1114112K
  class space    used 6656K, committed 6784K, reserved 1048576K
}
Event: 47.599 GC heap before
{Heap before GC invocations=28 (full 0):
 garbage-first heap   total 116736K, used 79775K [0x0000000081e00000, 0x0000000100000000)
  region size 1024K, 17 young (17408K), 3 survivors (3072K)
 Metaspace       used 60715K, committed 61056K, reserved 1114112K
  class space    used 6940K, committed 7104K, reserved 1048576K
}
Event: 47.682 GC heap after
{Heap after GC invocations=29 (full 0):
 garbage-first heap   total 116736K, used 68587K [0x0000000081e00000, 0x0000000100000000)
  region size 1024K, 2 young (2048K), 2 survivors (2048K)
 Metaspace       used 60715K, committed 61056K, reserved 1114112K
  class space    used 6940K, committed 7104K, reserved 1048576K
}
Event: 47.897 GC heap before
{Heap before GC invocations=29 (full 0):
 garbage-first heap   total 116736K, used 70635K [0x0000000081e00000, 0x0000000100000000)
  region size 1024K, 5 young (5120K), 2 survivors (2048K)
 Metaspace       used 61334K, committed 61632K, reserved 1114112K
  class space    used 7005K, committed 7168K, reserved 1048576K
}
Event: 47.920 GC heap after
{Heap after GC invocations=30 (full 0):
 garbage-first heap   total 116736K, used 68249K [0x0000000081e00000, 0x0000000100000000)
  region size 1024K, 1 young (1024K), 1 survivors (1024K)
 Metaspace       used 61334K, committed 61632K, reserved 1114112K
  class space    used 7005K, committed 7168K, reserved 1048576K
}
Event: 49.417 GC heap before
{Heap before GC invocations=30 (full 0):
 garbage-first heap   total 116736K, used 89753K [0x0000000081e00000, 0x0000000100000000)
  region size 1024K, 23 young (23552K), 1 survivors (1024K)
 Metaspace       used 65685K, committed 65920K, reserved 1114112K
  class space    used 7570K, committed 7680K, reserved 1048576K
}
Event: 49.436 GC heap after
{Heap after GC invocations=31 (full 0):
 garbage-first heap   total 116736K, used 70118K [0x0000000081e00000, 0x0000000100000000)
  region size 1024K, 3 young (3072K), 3 survivors (3072K)
 Metaspace       used 65685K, committed 65920K, reserved 1114112K
  class space    used 7570K, committed 7680K, reserved 1048576K
}

